<?xml version="1.0" encoding="UTF-8"?>
<!-- Generated by org.testng.reporters.JUnitReportReporter -->
<testsuite skipped="0" hostname="VED-9141" name="com.maintest.MainTest" tests="1" failures="0" timestamp="23 Jan 2019 09:42:52 GMT" time="6.929" errors="0">
  <testcase name="test" time="6.929" classname="com.maintest.MainTest"/>
</testsuite> <!-- com.maintest.MainTest -->
