<?xml version="1.0" encoding="UTF-8"?>
<!-- Generated by org.testng.reporters.JUnitReportReporter -->
<testsuite skipped="0" hostname="VED-9141" name="com.maintest.FluentWaitEx" tests="1" failures="0" timestamp="23 Jan 2019 10:30:49 GMT" time="23.771" errors="0">
  <testcase name="test" time="23.771" classname="com.maintest.FluentWaitEx"/>
</testsuite> <!-- com.maintest.FluentWaitEx -->
