<?xml version="1.0" encoding="UTF-8"?>
<!-- Generated by org.testng.reporters.JUnitReportReporter -->
<testsuite skipped="0" hostname="VED-9141" name="com.presentEx.ActionsRightAndDoubleClick" tests="1" failures="0" timestamp="23 Jan 2019 10:58:05 GMT" time="0.921" errors="0">
  <testcase name="runTest" time="0.921" classname="com.presentEx.ActionsRightAndDoubleClick"/>
</testsuite> <!-- com.presentEx.ActionsRightAndDoubleClick -->
