<?xml version="1.0" encoding="UTF-8"?>
<!-- Generated by org.testng.reporters.JUnitReportReporter -->
<testsuite skipped="0" hostname="VED-9141" name="com.parallelTest.MultiplaSession" tests="3" failures="0" timestamp="17 Jan 2019 11:17:47 GMT" time="33.876" errors="0">
  <testcase name="executSessionThree" time="10.542" classname="com.parallelTest.MultiplaSession"/>
  <testcase name="executSessionOne" time="11.493" classname="com.parallelTest.MultiplaSession"/>
  <testcase name="executeSessionTwo" time="11.841" classname="com.parallelTest.MultiplaSession"/>
</testsuite> <!-- com.parallelTest.MultiplaSession -->
