<?xml version="1.0" encoding="UTF-8"?>
<!-- Generated by org.testng.reporters.JUnitReportReporter -->
<testsuite skipped="0" hostname="VED-9141" name="example.ReadWriteExcel" tests="1" failures="0" timestamp="22 Jan 2019 12:14:23 GMT" time="0.671" errors="0">
  <testcase name="ReadData" time="0.671" classname="example.ReadWriteExcel"/>
</testsuite> <!-- example.ReadWriteExcel -->
