<?xml version="1.0" encoding="UTF-8"?>
<!-- Generated by org.testng.reporters.JUnitReportReporter -->
<testsuite skipped="0" hostname="VED-9141" name="date_time_pickerExample.DateTimePicker" tests="1" failures="0" timestamp="23 Jan 2019 06:38:46 GMT" time="14.287" errors="0">
  <testcase name="dateTimePicker" time="14.287" classname="date_time_pickerExample.DateTimePicker"/>
</testsuite> <!-- date_time_pickerExample.DateTimePicker -->
