<?xml version="1.0" encoding="UTF-8"?>
<!-- Generated by org.testng.reporters.JUnitReportReporter -->
<testsuite skipped="0" hostname="VED-9141" name="com.pomex.Test99GuruLogin" tests="1" failures="0" timestamp="21 Jan 2019 05:37:49 GMT" time="3.609" errors="0">
  <testcase name="test_Home_Page_Appear_Correct" time="3.609" classname="com.pomex.Test99GuruLogin"/>
</testsuite> <!-- com.pomex.Test99GuruLogin -->
