<?xml version="1.0" encoding="UTF-8"?>
<!-- Generated by org.testng.reporters.JUnitReportReporter -->
<testsuite skipped="0" hostname="VED-9141" name="test.TestWithPageFactory" tests="1" failures="0" timestamp="21 Jan 2019 06:26:06 GMT" time="3.516" errors="0">
  <testcase name="test_Home_Page_Appear_Correct" time="3.516" classname="test.TestWithPageFactory"/>
</testsuite> <!-- test.TestWithPageFactory -->
